

<!DOCTYPE html>
<html>
<head>
<meta charset="UTF-8">
<meta name="viewport" content="width=device-width, initial-scale=1, shrink-to-fit=no">
<title>WebShop Cucumber</title>
<link rel="apple-touch-icon" href="https://cdn.jsdelivr.net/gh/extent-framework/extent-github-cdn@b00a2d0486596e73dd7326beacf352c639623a0e/commons/img/logo.png">
<link rel="shortcut icon" href="https://cdn.jsdelivr.net/gh/extent-framework/extent-github-cdn@b00a2d0486596e73dd7326beacf352c639623a0e/commons/img/logo.png">
<link href="https://cdn.jsdelivr.net/gh/extent-framework/extent-github-cdn@ce8b10435bcbae260c334c0d0c6b61d2c19b6168/spark/css/spark-style.css" rel="stylesheet" />
<link href="https://stackpath.bootstrapcdn.com/font-awesome/4.7.0/css/font-awesome.min.css" rel="stylesheet">
<script src="https://cdn.jsdelivr.net/gh/extent-framework/extent-github-cdn@7cc78ce/spark/js/jsontree.js"></script>
<style type="text/css"></style></head><body class="spa bdd-report dark">
  <div class="app">
    <div class="layout">
<div class="header navbar">
<div class="vheader">
<div class="nav-logo">
<a href="#">
<div class="logo" style="background-image: url('https://cdn.jsdelivr.net/gh/extent-framework/extent-github-cdn@b00a2d0486596e73dd7326beacf352c639623a0e/commons/img/logo.png')"></div>
</a>
</div>
<ul class="nav-left">
<li class="search-box">
<a class="search-toggle" href="#">
<i class="search-icon fa fa-search"></i>
<i class="search-icon-close fa fa-close"></i>
</a>
</li>
<li class="search-input"><input id="search-tests" class="form-control" type="text" placeholder="Search..."></li>
</ul>
<ul class="nav-right">
<li class="m-r-10">
<a href="#"><span class="badge badge-primary">BDD Tests</span></a>
</li>
<li class="m-r-10">
<a href="#"><span class="badge badge-primary">Jul 20, 2024 18:24:29</span></a>
</li>
</ul>
</div>
</div><div class="side-nav">
<div class="side-nav-inner">
<ul class="side-nav-menu">
<li class="nav-item dropdown" onclick="toggleView('test-view')">
<a id="nav-test" class="dropdown-toggle" href="#">
<span class="ico"><i class="fa fa-list"></i></span>
</a>
</li>
<li class="nav-item dropdown" onclick="toggleView('exception-view')">
<a id="nav-exception" class="dropdown-toggle" href="#">
<span class="ico"><i class="fa fa-bug"></i></span>
</a>
</li>
<li class="nav-item dropdown" onclick="toggleView('category-view')">
<a id="nav-category" class="dropdown-toggle" href="#">
<span class="ico"><i class="fa fa-tag"></i></span>
</a>
</li>
<li class="nav-item dropdown" onclick="toggleView('dashboard-view')">
<a id="nav-dashboard" class="dropdown-toggle" href="#">
<span class="ico"><i class="fa fa-bar-chart"></i></span>
</a>
</li>
</ul>
</div>
</div>      <div class="vcontainer">
        <div class="main-content">
<div class="test-wrapper row view test-view">
  <div class="test-list">
    <div class="test-list-tools">
<ul class="tools pull-left">
<li><a href="#"><span class="font-size-14">Tests</span></a></li>
</ul>
<ul class="tools text-right">
<li class="dropdown">
<a href="#" class="dropdown-toggle" data-toggle="dropdown"><i class="fa fa-exclamation-circle"></i></a>
<ul id="status-toggle" class="dropdown-menu dropdown-md p-v-0">
<a class="dropdown-item" status="pass" href="#"><span>Pass</span><span class="status success"></span></a>
<a class="dropdown-item" status="fail" href="#"><span>Fail</span><span class="status danger"></span></a>
<div class="dropdown-divider"></div>
<a status="clear" class="dropdown-item" href="#"><span>Clear</span><span class="pull-right"><i class="fa fa-close"></i></span></a>
</ul>
</li>
<li class="dropdown">
<a href="#" class="dropdown-toggle" data-toggle="dropdown"><i class="fa fa-tag"></i></a>
<ul id="tag-toggle" class="dropdown-menu dropdown-md p-v-0">
<a class="dropdown-item" href="#">@qaz</a><a class="dropdown-item" href="#">@testt</a>
</ul>
</li>
</ul>
</div>    <div class="test-list-wrapper scrollable">
      <ul class="test-list-item">
        <li class="test-item"  status="fail" test-id="1"
          author=""
          tag=""
          device="">
          <div class="test-detail">
            <p class="name">Home Functionality</p>
            <p class="text-sm">
              <span>6:24:31 pm</span> / <span>00:02:05:785</span>
              <span class="badge fail-bg log float-right">Fail</span>
            </p>
          </div>
          <div class="test-contents d-none">
<div class="detail-head">
<div class="p-v-10">
<div class="info">
<h5 class="test-status text-fail">Home Functionality</h5>
<span class='badge badge-success'>07.20.2024 6:24:31 pm</span>
<span class='badge badge-danger'>07.20.2024 6:26:36 pm</span>
<span class='badge badge-default'>00:02:05:785</span>
&middot; <span class='uri-anchor badge badge-default'>#test-id=1</span>
<span title='Skip to the next failed step' class='badge badge-danger pointer float-right ne ml-1'><i class="fa fa-fast-forward"></i></span>
<span title='Collapse all nodes' class='badge badge-default pointer float-right ct ml-1'><i class="fa fa-compress"></i></span>
<span title='Expand all nodes' class='badge badge-default pointer float-right et'><i class="fa fa-expand"></i></span>
</div>
<div class="m-t-10 m-l-5"></div>
</div>
</div>
<div class="accordion mt-4">
  <div class="card">
    <div class="card-header" role="tab">
      <div class="card-title">
        <div class="node" id="2"><span class="badge log pass-bg mr-2">Pass</span>Verify The Logo of Home Page</div>
      </div>
    </div>
        <div class="collapse">
          <div class="card-body">
              <div class="step pass-bg" title="com.stepdefination.Homesteps.user_is_on_demo_web_shop_web_page()">
                <span>Given User is on DemoWebShop WebPage</span>
      <div>
      </div>
              </div>
              <div class="step pass-bg" title="com.stepdefination.Homesteps.user_verify_the_logo_of_the_page()">
                <span>When User verify the Logo Of The Page</span>
      <div>
      </div>
              </div>
              <div class="step pass-bg" title="com.stepdefination.Homesteps.user_verify_the_category_list()">
                <span>Then user Verify the Category List</span>
      <div>
      </div>
              </div>
          </div>
        </div>
  </div>
  <div class="card">
    <div class="card-header" role="tab">
      <div class="card-title">
        <div class="node" id="8"><span class="badge log pass-bg mr-2">Pass</span>Verify Register Button is Clickable</div>
      </div>
    </div>
        <div class="collapse">
          <div class="card-body">
              <div class="step pass-bg" title="com.stepdefination.Homesteps.user_is_on_demo_web_shop_web_page()">
                <span>Given User is on DemoWebShop WebPage</span>
      <div>
      </div>
              </div>
              <div class="step pass-bg" title="com.stepdefination.Homesteps.userClicksOnRegisterButton()">
                <span>When User Click on Register Button</span>
      <div>
      </div>
              </div>
              <div class="step pass-bg" title="com.stepdefination.Homesteps.verifiesTheRegisterPage()">
                <span>Then Verify the Register Page</span>
      <div>
      </div>
              </div>
          </div>
        </div>
  </div>
  <div class="card">
    <div class="card-header" role="tab">
      <div class="card-title">
        <div class="node" id="14"><span class="badge log pass-bg mr-2">Pass</span>Verify Login Button is Clickable</div>
      </div>
    </div>
        <div class="collapse">
          <div class="card-body">
              <div class="step pass-bg" title="com.stepdefination.Homesteps.user_is_on_demo_web_shop_web_page()">
                <span>Given User is on DemoWebShop WebPage</span>
      <div>
      </div>
              </div>
              <div class="step pass-bg" title="com.stepdefination.Homesteps.userClicksOnLoginButton()">
                <span>When User Click on Login Button</span>
      <div>
      </div>
              </div>
              <div class="step pass-bg" title="com.stepdefination.Homesteps.verifiesTheLoginPage()">
                <span>Then Verify The Login Page</span>
      <div>
      </div>
              </div>
          </div>
        </div>
  </div>
  <div class="card">
    <div class="card-header" role="tab">
      <div class="card-title">
        <div class="node" id="20"><span class="badge log fail-bg mr-2">Fail</span>Verify Shoping Cart Button Is Clickable</div>
          <div class="status-avatar float-right mr-4">
            <i class="fa fa-paperclip"></i>
          </div>
      </div>
    </div>
        <div class="">
          <div class="card-body">
              <div class="step pass-bg" title="com.stepdefination.Homesteps.user_is_on_demo_web_shop_web_page()">
                <span>Given User is on DemoWebShop WebPage</span>
      <div>
      </div>
              </div>
              <div class="step pass-bg" title="com.stepdefination.Homesteps.userClicksOnShoppingCartButton()">
                <span>When User Click on Shoping Cart Button</span>
      <div>
      </div>
              </div>
              <div class="step fail-bg" title="com.stepdefination.Homesteps.verifiesTheShoppingCartButton()">
                <span>Then Verify The Shoping Cart Button</span>
      <div>
        <textarea disabled class="code-block">java.lang.AssertionError: expected [Shopping cart] but found [Shoping cart]
	at org.testng.Assert.fail(Assert.java:99)
	at org.testng.Assert.failNotEquals(Assert.java:1037)
	at org.testng.Assert.assertEqualsImpl(Assert.java:140)
	at org.testng.Assert.assertEquals(Assert.java:122)
	at org.testng.Assert.assertEquals(Assert.java:629)
	at org.testng.Assert.assertEquals(Assert.java:639)
	at com.demowebshop.pages.HomePage.verifyWhisListPge(HomePage.java:94)
	at com.stepdefination.Homesteps.verifiesTheShoppingCartButton(Homesteps.java:72)
	at ✽.Verify The Shoping Cart Button(file:///C:/Users/PSHAR168/Downloads/Demowebshop_cucumberbdd_pratik/Demowebshop_cucumberbdd_pratik/DemoWebShop_Cucumber/src/test/resources/Features/A-home.feature:24)
</textarea>
      
      </div>
              </div>
              <div class="step pass-bg" title="AFTER">
                <span>hooks.MyHooks.screenshot(io.cucumber.java.Scenario)</span>
      <div>taking screenshot....
          <div class="row mb-3"><div class="col-md-3">
<img data-featherlight='../Screenshots/embedded1.png' src="../Screenshots/embedded1.png">
    
    </div></div>
</div>
      <div>
      </div>
              </div>
          </div>
        </div>
  </div>
  <div class="card">
    <div class="card-header" role="tab">
      <div class="card-title">
        <div class="node" id="26"><span class="badge log pass-bg mr-2">Pass</span>Verify Search Fuctionality with Valid Keyword</div>
      </div>
    </div>
        <div class="collapse">
          <div class="card-body">
              <div class="step pass-bg" title="com.stepdefination.Homesteps.user_is_on_demo_web_shop_web_page()">
                <span>Given User is on DemoWebShop WebPage</span>
      <div>
      </div>
              </div>
              <div class="step pass-bg" title="com.stepdefination.Homesteps.userEntersKeyword(java.lang.String)">
                <span>When User enters "Computer"</span>
      <div>
      </div>
              </div>
              <div class="step pass-bg" title="com.stepdefination.Homesteps.userShouldClickSearchButton()">
                <span>Then User Should click Search Button</span>
      <div>
      </div>
              </div>
              <div class="step pass-bg" title="com.stepdefination.Homesteps.verifiesTheDisplayOfTheSearchResults()">
                <span>Then Verify the display of The Search Results</span>
      <div>
      </div>
              </div>
          </div>
        </div>
  </div>
  <div class="card">
    <div class="card-header" role="tab">
      <div class="card-title">
        <div class="node" id="33"><span class="badge log pass-bg mr-2">Pass</span>Verify the Search Functionality with Empty Keyword</div>
      </div>
    </div>
        <div class="collapse">
          <div class="card-body">
              <div class="step pass-bg" title="com.stepdefination.Homesteps.user_is_on_demo_web_shop_web_page()">
                <span>Given User is on DemoWebShop WebPage</span>
      <div>
      </div>
              </div>
              <div class="step pass-bg" title="com.stepdefination.Homesteps.userShouldClickSearchButtonForEmptyKeyword()">
                <span>Then User Should click button</span>
      <div>
      </div>
              </div>
              <div class="step pass-bg" title="com.stepdefination.Homesteps.user_accept_the_Prompt_Message()">
                <span>Then user accept the Prompt Message</span>
      <div>
      </div>
              </div>
          </div>
        </div>
  </div>
</div>
          </div>
        </li>
        <li class="test-item"  status="fail" test-id="39"
          author=""
          tag=""
          device="">
          <div class="test-detail">
            <p class="name">feature to test books add to cart</p>
            <p class="text-sm">
              <span>6:26:36 pm</span> / <span>00:05:10:358</span>
              <span class="badge fail-bg log float-right">Fail</span>
            </p>
          </div>
          <div class="test-contents d-none">
<div class="detail-head">
<div class="p-v-10">
<div class="info">
<h5 class="test-status text-fail">feature to test books add to cart</h5>
<span class='badge badge-success'>07.20.2024 6:26:36 pm</span>
<span class='badge badge-danger'>07.20.2024 6:31:47 pm</span>
<span class='badge badge-default'>00:05:10:358</span>
&middot; <span class='uri-anchor badge badge-default'>#test-id=39</span>
<span title='Skip to the next failed step' class='badge badge-danger pointer float-right ne ml-1'><i class="fa fa-fast-forward"></i></span>
<span title='Collapse all nodes' class='badge badge-default pointer float-right ct ml-1'><i class="fa fa-compress"></i></span>
<span title='Expand all nodes' class='badge badge-default pointer float-right et'><i class="fa fa-expand"></i></span>
</div>
<div class="m-t-10 m-l-5"></div>
</div>
</div>
<div class="accordion mt-4">
  <div class="card">
    <div class="card-header" role="tab">
      <div class="card-title">
        <div class="node" id="40"><span class="badge log fail-bg mr-2">Fail</span>Successfully add to cart for books</div>
          <div class="status-avatar float-right mr-4">
            <i class="fa fa-paperclip"></i>
          </div>
      </div>
    </div>
        <div class="">
          <div class="card-body">
              <div class="step pass-bg" title="com.stepdefination.DemoWebShopSteps.user_launch_the_url()">
                <span>Given User launch the url</span>
      <div>
      </div>
              </div>
              <div class="step fail-bg" title="com.stepdefination.DemoWebShopSteps.user_login_with_valid_credentials()">
                <span>When User login with valid credentials</span>
      <div>
        <textarea disabled class="code-block">org.openqa.selenium.TimeoutException: java.util.concurrent.TimeoutException
Build info: version: '4.11.0', revision: '040bc5406b'
System info: os.name: 'Windows 11', os.arch: 'amd64', os.version: '10.0', java.version: '18.0.2.1'
Driver info: org.openqa.selenium.chrome.ChromeDriver
Command: [438d05608ad32bbbdba45206879bef98, clickElement {id=f.D0145220BBE7594AA380653EE4782E05.d.454ED35C518B9CD50FABC15381933E24.e.37}]
Capabilities {acceptInsecureCerts: false, browserName: chrome, browserVersion: 126.0.6478.128, chrome: {chromedriverVersion: 126.0.6478.182 (5b5d8292ddf..., userDataDir: C:\WINDOWS\SystemTemp\scope...}, fedcm:accounts: true, goog:chromeOptions: {debuggerAddress: localhost:57023}, networkConnectionEnabled: false, pageLoadStrategy: normal, platformName: windows, proxy: Proxy(), se:cdp: ws://localhost:57023/devtoo..., se:cdpVersion: 126.0.6478.128, setWindowRect: true, strictFileInteractability: false, timeouts: {implicit: 0, pageLoad: 300000, script: 30000}, unhandledPromptBehavior: dismiss and notify, webauthn:extension:credBlob: true, webauthn:extension:largeBlob: true, webauthn:extension:minPinLength: true, webauthn:extension:prf: true, webauthn:virtualAuthenticators: true}
Element: [[ChromeDriver: chrome on windows (438d05608ad32bbbdba45206879bef98)] -> xpath: //input[@class='button-1 login-button']]
Session ID: 438d05608ad32bbbdba45206879bef98
	at org.openqa.selenium.remote.http.netty.NettyHttpHandler.makeCall(NettyHttpHandler.java:65)
	at org.openqa.selenium.remote.http.AddSeleniumUserAgent.lambda$apply$0(AddSeleniumUserAgent.java:42)
	at org.openqa.selenium.remote.http.Filter.lambda$andFinally$1(Filter.java:55)
	at org.openqa.selenium.remote.http.netty.NettyHttpHandler.execute(NettyHttpHandler.java:48)
	at org.openqa.selenium.remote.http.netty.NettyClient.execute(NettyClient.java:96)
	at org.openqa.selenium.remote.HttpCommandExecutor.execute(HttpCommandExecutor.java:188)
	at org.openqa.selenium.remote.service.DriverCommandExecutor.invokeExecute(DriverCommandExecutor.java:196)
	at org.openqa.selenium.remote.service.DriverCommandExecutor.execute(DriverCommandExecutor.java:171)
	at org.openqa.selenium.remote.RemoteWebDriver.execute(RemoteWebDriver.java:518)
	at org.openqa.selenium.remote.RemoteWebElement.execute(RemoteWebElement.java:224)
	at org.openqa.selenium.remote.RemoteWebElement.click(RemoteWebElement.java:77)
	at com.demowebshop.base.BaseClass.performLogin(BaseClass.java:40)
	at com.stepdefination.DemoWebShopSteps.user_login_with_valid_credentials(DemoWebShopSteps.java:22)
	at ✽.User login with valid credentials(file:///C:/Users/PSHAR168/Downloads/Demowebshop_cucumberbdd_pratik/Demowebshop_cucumberbdd_pratik/DemoWebShop_Cucumber/src/test/resources/Features/demowebshop.feature:8)
Caused by: java.util.concurrent.TimeoutException
	at java.base/java.util.concurrent.CompletableFuture.timedGet(CompletableFuture.java:1960)
	at java.base/java.util.concurrent.CompletableFuture.get(CompletableFuture.java:2095)
	at org.asynchttpclient.netty.NettyResponseFuture.get(NettyResponseFuture.java:206)
	at org.openqa.selenium.remote.http.netty.NettyHttpHandler.makeCall(NettyHttpHandler.java:59)
	at org.openqa.selenium.remote.http.AddSeleniumUserAgent.lambda$apply$0(AddSeleniumUserAgent.java:42)
	at org.openqa.selenium.remote.http.Filter.lambda$andFinally$1(Filter.java:55)
	at org.openqa.selenium.remote.http.netty.NettyHttpHandler.execute(NettyHttpHandler.java:48)
	at org.openqa.selenium.remote.http.netty.NettyClient.execute(NettyClient.java:96)
	at org.openqa.selenium.remote.HttpCommandExecutor.execute(HttpCommandExecutor.java:188)
	at org.openqa.selenium.remote.service.DriverCommandExecutor.invokeExecute(DriverCommandExecutor.java:196)
	at org.openqa.selenium.remote.service.DriverCommandExecutor.execute(DriverCommandExecutor.java:171)
	at org.openqa.selenium.remote.RemoteWebDriver.execute(RemoteWebDriver.java:518)
	at org.openqa.selenium.remote.RemoteWebElement.execute(RemoteWebElement.java:224)
	at org.openqa.selenium.remote.RemoteWebElement.click(RemoteWebElement.java:77)
	at com.demowebshop.base.BaseClass.performLogin(BaseClass.java:40)
	at com.stepdefination.DemoWebShopSteps.user_login_with_valid_credentials(DemoWebShopSteps.java:22)
	at java.base/jdk.internal.reflect.DirectMethodHandleAccessor.invoke(DirectMethodHandleAccessor.java:104)
	at java.base/java.lang.reflect.Method.invoke(Method.java:577)
	at io.cucumber.java.Invoker.doInvoke(Invoker.java:66)
	at io.cucumber.java.Invoker.invoke(Invoker.java:24)
	at io.cucumber.java.AbstractGlueDefinition.invokeMethod(AbstractGlueDefinition.java:47)
	at io.cucumber.java.JavaStepDefinition.execute(JavaStepDefinition.java:29)
	at io.cucumber.core.runner.CoreStepDefinition.execute(CoreStepDefinition.java:66)
	at io.cucumber.core.runner.PickleStepDefinitionMatch.runStep(PickleStepDefinitionMatch.java:63)
	at io.cucumber.core.runner.ExecutionMode$1.execute(ExecutionMode.java:10)
	at io.cucumber.core.runner.TestStep.executeStep(TestStep.java:85)
	at io.cucumber.core.runner.TestStep.run(TestStep.java:57)
	at io.cucumber.core.runner.PickleStepTestStep.run(PickleStepTestStep.java:51)
	at io.cucumber.core.runner.TestCase.run(TestCase.java:84)
	at io.cucumber.core.runner.Runner.runPickle(Runner.java:75)
	at io.cucumber.testng.TestNGCucumberRunner.lambda$runScenario$1(TestNGCucumberRunner.java:132)
	at io.cucumber.core.runtime.CucumberExecutionContext.lambda$runTestCase$5(CucumberExecutionContext.java:129)
	at io.cucumber.core.runtime.RethrowingThrowableCollector.executeAndThrow(RethrowingThrowableCollector.java:23)
	at io.cucumber.core.runtime.CucumberExecutionContext.runTestCase(CucumberExecutionContext.java:129)
	at io.cucumber.testng.TestNGCucumberRunner.runScenario(TestNGCucumberRunner.java:129)
	at io.cucumber.testng.AbstractTestNGCucumberTests.runScenario(AbstractTestNGCucumberTests.java:35)
	at java.base/jdk.internal.reflect.DirectMethodHandleAccessor.invoke(DirectMethodHandleAccessor.java:104)
	at java.base/java.lang.reflect.Method.invoke(Method.java:577)
	at org.testng.internal.MethodInvocationHelper.invokeMethod(MethodInvocationHelper.java:133)
	at org.testng.internal.TestInvoker.invokeMethod(TestInvoker.java:598)
	at org.testng.internal.TestInvoker.invokeTestMethod(TestInvoker.java:173)
	at org.testng.internal.MethodRunner.runInSequence(MethodRunner.java:46)
	at org.testng.internal.TestInvoker$MethodInvocationAgent.invoke(TestInvoker.java:824)
	at org.testng.internal.TestInvoker.invokeTestMethods(TestInvoker.java:146)
	at org.testng.internal.TestMethodWorker.invokeTestMethods(TestMethodWorker.java:146)
	at org.testng.internal.TestMethodWorker.run(TestMethodWorker.java:128)
	at java.base/java.util.ArrayList.forEach(ArrayList.java:1511)
	at org.testng.TestRunner.privateRun(TestRunner.java:794)
	at org.testng.TestRunner.run(TestRunner.java:596)
	at org.testng.SuiteRunner.runTest(SuiteRunner.java:377)
	at org.testng.SuiteRunner.runSequentially(SuiteRunner.java:371)
	at org.testng.SuiteRunner.privateRun(SuiteRunner.java:332)
	at org.testng.SuiteRunner.run(SuiteRunner.java:276)
	at org.testng.SuiteRunnerWorker.runSuite(SuiteRunnerWorker.java:53)
	at org.testng.SuiteRunnerWorker.run(SuiteRunnerWorker.java:96)
	at org.testng.TestNG.runSuitesSequentially(TestNG.java:1212)
	at org.testng.TestNG.runSuitesLocally(TestNG.java:1134)
	at org.testng.TestNG.runSuites(TestNG.java:1063)
	at org.testng.TestNG.run(TestNG.java:1031)
	at org.testng.remote.AbstractRemoteTestNG.run(AbstractRemoteTestNG.java:115)
	at org.testng.remote.RemoteTestNG.initAndRun(RemoteTestNG.java:251)
	at org.testng.remote.RemoteTestNG.main(RemoteTestNG.java:77)
</textarea>
      
      </div>
              </div>
              <div class="step skip-bg" title="com.stepdefination.DemoWebShopSteps.user_click_on_books_link()">
                <span>And User click on books link</span>
      <div>Step skipped
      </div>
              </div>
              <div class="step skip-bg" title="com.stepdefination.DemoWebShopSteps.user_click_on_add_to_cart_for_computing_and_internet_books()">
                <span>And User click on add to cart for computing and internet books</span>
      <div>Step skipped
      </div>
              </div>
              <div class="step skip-bg" title="com.stepdefination.DemoWebShopSteps.click_on_shopping_cart_on_the_top()">
                <span>And Click on shopping cart on the top</span>
      <div>Step skipped
      </div>
              </div>
              <div class="step skip-bg" title="com.stepdefination.DemoWebShopSteps.user_enable_the_check_box_i_agree_then_click_on_check_out()">
                <span>And User Enable the check box I agree then click on check out</span>
      <div>Step skipped
      </div>
              </div>
              <div class="step skip-bg" title="com.stepdefination.DemoWebShopSteps.user_click_on_continue_until_all_the_steps_complete()">
                <span>And User click on continue until all the steps complete</span>
      <div>Step skipped
      </div>
              </div>
              <div class="step skip-bg" title="com.stepdefination.DemoWebShopSteps.click_on_order_link_validate_same_order_number_should_be_available()">
                <span>And Click on order link Validate same order number should be available</span>
      <div>Step skipped
      </div>
              </div>
              <div class="step skip-bg" title="com.stepdefination.DemoWebShopSteps.verify_the_generated_pfd_details_and_click_on_pdf_button()">
                <span>And Verify the generated pfd details and click on PDF button</span>
      <div>Step skipped
      </div>
              </div>
              <div class="step skip-bg" title="com.stepdefination.DemoWebShopSteps.click_on_logout()">
                <span>Then Click on logout</span>
      <div>Step skipped
      </div>
              </div>
              <div class="step pass-bg" title="AFTER">
                <span>hooks.MyHooks.screenshot(io.cucumber.java.Scenario)</span>
      <div>taking screenshot....
          <div class="row mb-3"><div class="col-md-3">
<img data-featherlight='../Screenshots/embedded2.png' src="../Screenshots/embedded2.png">
    
    </div></div>
</div>
      <div>
      </div>
              </div>
          </div>
        </div>
  </div>
</div>
          </div>
        </li>
        <li class="test-item"  status="pass" test-id="53"
          author=""
          tag=""
          device="">
          <div class="test-detail">
            <p class="name">feature to test login functionality</p>
            <p class="text-sm">
              <span>6:31:47 pm</span> / <span>00:00:56:563</span>
              <span class="badge pass-bg log float-right">Pass</span>
            </p>
          </div>
          <div class="test-contents d-none">
<div class="detail-head">
<div class="p-v-10">
<div class="info">
<h5 class="test-status text-pass">feature to test login functionality</h5>
<span class='badge badge-success'>07.20.2024 6:31:47 pm</span>
<span class='badge badge-danger'>07.20.2024 6:32:43 pm</span>
<span class='badge badge-default'>00:00:56:563</span>
&middot; <span class='uri-anchor badge badge-default'>#test-id=53</span>
<span title='Skip to the next failed step' class='badge badge-danger pointer float-right ne ml-1'><i class="fa fa-fast-forward"></i></span>
<span title='Collapse all nodes' class='badge badge-default pointer float-right ct ml-1'><i class="fa fa-compress"></i></span>
<span title='Expand all nodes' class='badge badge-default pointer float-right et'><i class="fa fa-expand"></i></span>
</div>
<div class="m-t-10 m-l-5"></div>
</div>
</div>
<div class="accordion mt-4">
  <div class="card">
    <div class="card-header" role="tab">
      <div class="card-title">
        <div class="node" id="54"><span class="badge log pass-bg mr-2">Pass</span>Successful login with valid credentials</div>
      </div>
    </div>
        <div class="collapse">
          <div class="card-body">
              <div class="step pass-bg" title="com.stepdefination.Loginsteps.user_launch_url()">
                <span>Given user launch Url</span>
      <div>
      </div>
              </div>
              <div class="step pass-bg" title="com.stepdefination.Loginsteps.click_the_login_link()">
                <span>When Click the login link</span>
      <div>
      </div>
              </div>
              <div class="step pass-bg" title="com.stepdefination.Loginsteps.user_enters_and(java.lang.String,java.lang.String)">
                <span>When user enters "pratikkumar734@gmail.com" and "Pk577292@"</span>
      <div>
      </div>
              </div>
              <div class="step pass-bg" title="com.stepdefination.Loginsteps.clicks_on_login_button()">
                <span>And clicks on login button</span>
      <div>
      </div>
              </div>
              <div class="step pass-bg" title="com.stepdefination.Loginsteps.click_the_logout_button()">
                <span>Then click the logout button</span>
      <div>
      </div>
              </div>
          </div>
        </div>
  </div>
  <div class="card">
    <div class="card-header" role="tab">
      <div class="card-title">
        <div class="node" id="62"><span class="badge log pass-bg mr-2">Pass</span>Verify login with Invalid credentials</div>
      </div>
    </div>
        <div class="scenario_outline collapse">
            <div class="card-body l1">
              <div class="card-header">
                <div class="card-title outline-child">
                  <div class="node" id="63"><span class="badge log pass-bg mr-2">Pass</span>Verify login with Invalid credentials</div>
                </div>
              </div>
              <div class="card-body mt-3 collapse">
                  <div class="step pass-bg">
                    <span>Given user launch Url</span>
      <div>
      </div>
                  </div>
                  <div class="step pass-bg">
                    <span>When Click the login link</span>
      <div>
      </div>
                  </div>
                  <div class="step pass-bg">
                    <span>When user enters "pratij@gmail" and "Pra@321"</span>
      <div>
      </div>
                  </div>
                  <div class="step pass-bg">
                    <span>Then clicks on login button</span>
      <div>
      </div>
                  </div>
              </div>
            </div>
            <div class="card-body l1">
              <div class="card-header">
                <div class="card-title outline-child">
                  <div class="node" id="70"><span class="badge log pass-bg mr-2">Pass</span>Verify login with Invalid credentials</div>
                </div>
              </div>
              <div class="card-body mt-3 collapse">
                  <div class="step pass-bg">
                    <span>Given user launch Url</span>
      <div>
      </div>
                  </div>
                  <div class="step pass-bg">
                    <span>When Click the login link</span>
      <div>
      </div>
                  </div>
                  <div class="step pass-bg">
                    <span>When user enters "pratik234@capgemini.com" and "pass456"</span>
      <div>
      </div>
                  </div>
                  <div class="step pass-bg">
                    <span>Then clicks on login button</span>
      <div>
      </div>
                  </div>
              </div>
            </div>
            <div class="card-body l1">
              <div class="card-header">
                <div class="card-title outline-child">
                  <div class="node" id="77"><span class="badge log pass-bg mr-2">Pass</span>Verify login with Invalid credentials</div>
                </div>
              </div>
              <div class="card-body mt-3 collapse">
                  <div class="step pass-bg">
                    <span>Given user launch Url</span>
      <div>
      </div>
                  </div>
                  <div class="step pass-bg">
                    <span>When Click the login link</span>
      <div>
      </div>
                  </div>
                  <div class="step pass-bg">
                    <span>When user enters "pratik32@gmail.com" and "secretword"</span>
      <div>
      </div>
                  </div>
                  <div class="step pass-bg">
                    <span>Then clicks on login button</span>
      <div>
      </div>
                  </div>
              </div>
            </div>
            <div class="card-body l1">
              <div class="card-header">
                <div class="card-title outline-child">
                  <div class="node" id="84"><span class="badge log pass-bg mr-2">Pass</span>Verify login with Invalid credentials</div>
                </div>
              </div>
              <div class="card-body mt-3 collapse">
                  <div class="step pass-bg">
                    <span>Given user launch Url</span>
      <div>
      </div>
                  </div>
                  <div class="step pass-bg">
                    <span>When Click the login link</span>
      <div>
      </div>
                  </div>
                  <div class="step pass-bg">
                    <span>When user enters "" and ""</span>
      <div>
      </div>
                  </div>
                  <div class="step pass-bg">
                    <span>Then clicks on login button</span>
      <div>
      </div>
                  </div>
              </div>
            </div>
        </div>
  </div>
</div>
          </div>
        </li>
        <li class="test-item"  status="pass" test-id="91"
          author=""
          tag=""
          device="">
          <div class="test-detail">
            <p class="name">feature to test registration functionality</p>
            <p class="text-sm">
              <span>6:32:43 pm</span> / <span>00:00:55:844</span>
              <span class="badge pass-bg log float-right">Pass</span>
            </p>
          </div>
          <div class="test-contents d-none">
<div class="detail-head">
<div class="p-v-10">
<div class="info">
<h5 class="test-status text-pass">feature to test registration functionality</h5>
<span class='badge badge-success'>07.20.2024 6:32:43 pm</span>
<span class='badge badge-danger'>07.20.2024 6:33:39 pm</span>
<span class='badge badge-default'>00:00:55:844</span>
&middot; <span class='uri-anchor badge badge-default'>#test-id=91</span>
<span title='Skip to the next failed step' class='badge badge-danger pointer float-right ne ml-1'><i class="fa fa-fast-forward"></i></span>
<span title='Collapse all nodes' class='badge badge-default pointer float-right ct ml-1'><i class="fa fa-compress"></i></span>
<span title='Expand all nodes' class='badge badge-default pointer float-right et'><i class="fa fa-expand"></i></span>
</div>
<div class="m-t-10 m-l-5"></div>
</div>
</div>
<div class="accordion mt-4">
  <div class="card">
    <div class="card-header" role="tab">
      <div class="card-title">
        <div class="node" id="92"><span class="badge log pass-bg mr-2">Pass</span>Check registration is successful with valid credentials</div>
      </div>
    </div>
        <div class="collapse">
          <div class="card-body">
              <div class="step pass-bg" title="com.stepdefination.RegisterSteps.user_is_on_homepage()">
                <span>Given user is on Homepage</span>
      <div>
      </div>
              </div>
              <div class="step pass-bg" title="com.stepdefination.RegisterSteps.user_click_the_registration_button_link()">
                <span>When user click the registration button link</span>
      <div>
      </div>
              </div>
              <div class="step pass-bg" title="com.stepdefination.RegisterSteps.user_user_enters_the_following_details()">
                <span>Then user user enters the following details</span>
      <div>
      </div>
              </div>
          </div>
        </div>
  </div>
  <div class="card">
    <div class="card-header" role="tab">
      <div class="card-title">
        <div class="node" id="98"><span class="badge log pass-bg mr-2">Pass</span>Check registration is successful with Invalid credentials</div>
      </div>
    </div>
        <div class="collapse">
          <div class="card-body">
              <div class="step pass-bg" title="com.stepdefination.RegisterSteps.user_is_on_homepage()">
                <span>Given user is on Homepage</span>
      <div>
      </div>
              </div>
              <div class="step pass-bg" title="com.stepdefination.RegisterSteps.user_click_the_registration_button_link()">
                <span>When user click the registration button link</span>
      <div>
      </div>
              </div>
              <div class="step pass-bg" title="com.stepdefination.RegisterSteps.user_user_enters_the_following_invalid_details()">
                <span>Then user user enters the following invalid details</span>
      <div>
      </div>
              </div>
          </div>
        </div>
  </div>
  <div class="card">
    <div class="card-header" role="tab">
      <div class="card-title">
        <div class="node" id="104"><span class="badge log pass-bg mr-2">Pass</span>Check registration is successful with existing email id</div>
      </div>
    </div>
        <div class="collapse">
          <div class="card-body">
              <div class="step pass-bg" title="com.stepdefination.RegisterSteps.user_is_on_homepage()">
                <span>Given user is on Homepage</span>
      <div>
      </div>
              </div>
              <div class="step pass-bg" title="com.stepdefination.RegisterSteps.user_click_the_registration_button_link()">
                <span>When user click the registration button link</span>
      <div>
      </div>
              </div>
              <div class="step pass-bg" title="com.stepdefination.RegisterSteps.user_user_enters_the_existing_email_id_and_following_details()">
                <span>Then user user enters the existing emailId and following  details</span>
      <div>
      </div>
              </div>
          </div>
        </div>
  </div>
  <div class="card">
    <div class="card-header" role="tab">
      <div class="card-title">
        <div class="node" id="110"><span class="badge log pass-bg mr-2">Pass</span>Check registration is successful with existing email id</div>
      </div>
    </div>
        <div class="collapse">
          <div class="card-body">
              <div class="step pass-bg" title="com.stepdefination.RegisterSteps.user_is_on_homepage()">
                <span>Given user is on Homepage</span>
      <div>
      </div>
              </div>
              <div class="step pass-bg" title="com.stepdefination.RegisterSteps.user_click_the_registration_button_link()">
                <span>When user click the registration button link</span>
      <div>
      </div>
              </div>
              <div class="step pass-bg" title="com.stepdefination.RegisterSteps.user_user_enters_the_differnet_confirme_password_and_following_details()">
                <span>Then user user enters the differnet confirme password and following  details</span>
      <div>
      </div>
              </div>
          </div>
        </div>
  </div>
</div>
          </div>
        </li>
      </ul>
    </div>
  </div>
<div class="test-content scrollable">
<div class="test-content-tools">
<ul><li><a class="back-to-test" href="#"><i class="fa fa-arrow-left"></i></a></li></ul>
</div>
<div class="test-content-detail"><div class="detail-body"></div></div>
</div></div>
<div class="test-wrapper row view exception-view attributes-view">
<div class="test-list">
<div class="test-list-tools">
<ul class="tools pull-left"><li><a href=""><span class="font-size-14">Exception</span></a></li></ul>
<ul class="tools text-right"><li><a href="#"><span class="badge badge-primary">2</span></a></li></ul>
</div>
<div class="test-list-wrapper scrollable">
<ul class="test-list-item">
<li class="test-item">
<div class="test-detail">
<span class="meta">
<span class='badge log badge-danger'>1</span>
</span>
<p class="name">java.lang.AssertionError</p>
<p class="duration text-sm">1 tests</p>
</div>
<div class="test-contents d-none">
<div class="info">
<h4>java.lang.AssertionError</h4>
<span status="fail" class='badge log badge-danger'>1 failed</span>
</div>
<table class='table table-sm mt-4'>
<thead>
<tr>
<th class="status-col">Status</th>
<th class="timestamp-col">Timestamp</th>
<th>TestName</th>
</tr>
</thead>
<tbody>
<tr class="tag-test-status" status="fail">
<td><span class="badge log fail-bg">Fail</span></td>
<td>18:26:02 pm</td>
<td>
<a href="#" class="linked" test-id='1' id='24'>Then Verify The Shoping Cart Button</a>
<div class="">
<span class="badge badge-default">Home Functionality.Verify Shoping Cart Button Is Clickable.Then Verify The Shoping Cart Button</span>
</div>
</td>
</tr>
</tbody>
</table>
</div>
</li>
<li class="test-item">
<div class="test-detail">
<span class="meta">
<span class='badge log badge-danger'>1</span>
</span>
<p class="name">org.openqa.selenium.TimeoutException</p>
<p class="duration text-sm">1 tests</p>
</div>
<div class="test-contents d-none">
<div class="info">
<h4>org.openqa.selenium.TimeoutException</h4>
<span status="fail" class='badge log badge-danger'>1 failed</span>
</div>
<table class='table table-sm mt-4'>
<thead>
<tr>
<th class="status-col">Status</th>
<th class="timestamp-col">Timestamp</th>
<th>TestName</th>
</tr>
</thead>
<tbody>
<tr class="tag-test-status" status="fail">
<td><span class="badge log fail-bg">Fail</span></td>
<td>18:26:42 pm</td>
<td>
<a href="#" class="linked" test-id='39' id='43'>When User login with valid credentials</a>
<div class="">
<span class="badge badge-default">feature to test books add to cart.Successfully add to cart for books.When User login with valid credentials</span>
</div>
</td>
</tr>
</tbody>
</table>
</div>
</li>
</ul>
</div>
</div>
<div class="test-content scrollable">
<div class="test-content-detail">
<div class="detail-body"></div>
</div>
</div>
</div><div class="test-wrapper row view category-view attributes-view">
<div class="test-list">
<div class="test-list-tools">
<ul class="tools pull-left"><li><a href=""><span class="font-size-14">Category</span></a></li></ul>
<ul class="tools text-right"><li><a href="#"><span class="badge badge-primary">2</span></a></li></ul>
</div>
<div class="test-list-wrapper scrollable">
<ul class="test-list-item">
<li class="test-item">
<div class="test-detail">
<span class="meta">
<span class='badge log pass-bg'>4</span>
<span class='badge log badge-danger'>1</span>
</span>
<p class="name">@qaz</p>
<p class="duration text-sm">5 tests</p>
</div>
<div class="test-contents d-none">
<div class="info">
<h4>@qaz</h4>
<span status="pass" class='badge log pass-bg'>4 passed</span>
<span status="fail" class='badge log badge-danger'>1 failed</span>
</div>
<table class='table table-sm mt-4'>
<thead>
<tr>
<th class="status-col">Status</th>
<th class="timestamp-col">Timestamp</th>
<th>TestName</th>
</tr>
</thead>
<tbody>
<tr class="tag-test-status" status="pass">
<td><span class="badge log pass-bg">Pass</span></td>
<td>18:25:33 pm</td>
<td>
<a href="#" class="linked" test-id='1' id='8'>Verify Register Button is Clickable</a>
<div class="">
<span class="badge badge-default">Home Functionality.Verify Register Button is Clickable</span>
</div>
</td>
</tr>
<tr class="tag-test-status" status="pass">
<td><span class="badge log pass-bg">Pass</span></td>
<td>18:25:44 pm</td>
<td>
<a href="#" class="linked" test-id='1' id='14'>Verify Login Button is Clickable</a>
<div class="">
<span class="badge badge-default">Home Functionality.Verify Login Button is Clickable</span>
</div>
</td>
</tr>
<tr class="tag-test-status" status="fail">
<td><span class="badge log fail-bg">Fail</span></td>
<td>18:25:55 pm</td>
<td>
<a href="#" class="linked" test-id='1' id='20'>Verify Shoping Cart Button Is Clickable</a>
<div class="">
<span class="badge badge-default">Home Functionality.Verify Shoping Cart Button Is Clickable</span>
</div>
</td>
</tr>
<tr class="tag-test-status" status="pass">
<td><span class="badge log pass-bg">Pass</span></td>
<td>18:26:05 pm</td>
<td>
<a href="#" class="linked" test-id='1' id='26'>Verify Search Fuctionality with Valid Keyword</a>
<div class="">
<span class="badge badge-default">Home Functionality.Verify Search Fuctionality with Valid Keyword</span>
</div>
</td>
</tr>
<tr class="tag-test-status" status="pass">
<td><span class="badge log pass-bg">Pass</span></td>
<td>18:26:27 pm</td>
<td>
<a href="#" class="linked" test-id='1' id='33'>Verify the Search Functionality with Empty Keyword</a>
<div class="">
<span class="badge badge-default">Home Functionality.Verify the Search Functionality with Empty Keyword</span>
</div>
</td>
</tr>
</tbody>
</table>
</div>
</li>
<li class="test-item">
<div class="test-detail">
<span class="meta">
<span class='badge log pass-bg'>1</span>
</span>
<p class="name">@testt</p>
<p class="duration text-sm">1 tests</p>
</div>
<div class="test-contents d-none">
<div class="info">
<h4>@testt</h4>
<span status="pass" class='badge log pass-bg'>1 passed</span>
</div>
<table class='table table-sm mt-4'>
<thead>
<tr>
<th class="status-col">Status</th>
<th class="timestamp-col">Timestamp</th>
<th>TestName</th>
</tr>
</thead>
<tbody>
<tr class="tag-test-status" status="pass">
<td><span class="badge log pass-bg">Pass</span></td>
<td>18:31:47 pm</td>
<td>
<a href="#" class="linked" test-id='53' id='54'>Successful login with valid credentials</a>
<div class="">
<span class="badge badge-default">feature to test login functionality.Successful login with valid credentials</span>
</div>
</td>
</tr>
</tbody>
</table>
</div>
</li>
</ul>
</div>
</div>
<div class="test-content scrollable">
<div class="test-content-detail">
<div class="detail-body"></div>
</div>
</div>
</div><div class="container-fluid p-4 view dashboard-view">
<div class="row">
<div class="col-md-3">
<div class="card"><div class="card-body">
<p class="m-b-0">Started</p>
<h3>Jul 20, 2024 18:24:29</h3>
</div></div>
</div>
<div class="col-md-3">
<div class="card"><div class="card-body">
<p class="m-b-0">Ended</p>
<h3>Jul 20, 2024 18:33:39</h3>
</div></div>
</div>
<div class="col-md-3">
<div class="card"><div class="card-body">
<p class="m-b-0 text-pass">Features Passed</p>
<h3>2</h3>
</div></div>
</div>
<div class="col-md-3">
<div class="card"><div class="card-body">
<p class="m-b-0 text-fail">Features Failed</p>
<h3>2</h3>
</div></div>
</div>
</div>
<div class="row">
<div class="col-md-4">
<div class="card">
<div class="card-header">
<h6 class="card-title">Features</h6>
</div>
<div class="card-body">
<div class="">
<canvas id='parent-analysis' width='115' height='90'></canvas>
</div>
</div>
<div class="card-footer">
<div><small data-tooltip='50%'>
<b>2</b> features passed
</small>
</div>
<div>
<small data-tooltip='50%'><b>2</b> features failed,
<b>0</b> skipped, <b data-tooltip='0%'>0</b> others
</small>
</div>
</div>
</div>
</div>
<div class="col-md-4">
<div class="card">
<div class="card-header">
<h6 class="card-title">Scenarios</h6>
</div>
<div class="card-body">
<div class="">
<canvas id='child-analysis' width='115' height='90'></canvas>
</div>
</div>
<div class="card-footer">
<div><small data-tooltip='87%'><b>14</b> scenarios passed</small></div>
<div>
<small data-tooltip='12%'><b>2</b> scenarios failed,
<b>0</b> skipped, <b data-tooltip='%'>0</b> others
</small>
</div>
</div>
</div>
</div>
<div class="col-md-4">
<div class="card">
<div class="card-header">
<h6 class="card-title">Steps</h6>
</div>
<div class="card-body">
<div class="">
<canvas id='grandchild-analysis' width='115' height='90'></canvas>
</div>
</div>
<div class="card-footer">
<div><small data-tooltip='84%'><b>54</b> steps passed</small></div>
<div>
<small data-tooltip='3%'><b>2</b> steps failed,
<b>8</b> skipped, <b data-tooltip='%'>0</b> others
</small>
</div>
</div>
</div>
</div>
</div>
<div class="row"><div class="col-md-12">
<div class="card"><div class="card-header"><p>Timeline</p></div>
<div class="card-body pt-0"><div>
<canvas id="timeline" height="120"></canvas>
</div></div>
</div>
</div></div>
<script>
var timeline = {
"Home Functionality":125.785,"feature to test books add to cart":310.358,"feature to test login functionality":56.563,"feature to test registration functionality":55.844
};
</script>
<div class="row">
<div class="col-lg-6 col-md-12 category-container">
<div class="card">
<div class="card-header"><p>Tags</p></div>
<div class="card-body pb-0 pt-0"><table class="table table-sm table-bordered">
<thead><tr class="bg-gray"><th>Name</th><th>Passed</th><th>Failed</th><th>Skipped</th><th>Others</th><th>Passed %</th></tr></thead><tbody>
<tr>
<td>@qaz</td>
<td>4</td>
<td>1</td>
<td>0</td>
<td>0</td>
<td>80%</td>
</tr>
<tr>
<td>@testt</td>
<td>1</td>
<td>0</td>
<td>0</td>
<td>0</td>
<td>100%</td>
</tr>
</tbody>
</table></div>
</div>
</div>
</div>
</div>
<script>
var statusGroup = {
parentCount: 5,
passParent: 2,
failParent: 2,
warningParent: 0,
skipParent: 0,
childCount: 5,
passChild: 14,
failChild: 2,
warningChild: 0,
skipChild: 0,
infoChild: 0,
grandChildCount: 5,
passGrandChild: 54,
failGrandChild: 2,
warningGrandChild: 0,
skipGrandChild: 8,
infoGrandChild: 0,
eventsCount: 5,
};
</script>        </div>
      </div>
    </div>
  </div>
<script src="https://cdn.jsdelivr.net/gh/extent-framework/extent-github-cdn@ce8b10435bcbae260c334c0d0c6b61d2c19b6168/spark/js/spark-script.js"></script>
<script type="text/javascript"></script></body>
</html>